[NX Daemon Server] - 2024-07-25T07:16:48.367Z - Started listening on: \\.\pipe\nx\C:\Users\KASENB~1\AppData\Local\Temp\7037dd58ad7f1fca718e\d.sock
[NX Daemon Server] - 2024-07-25T07:16:48.372Z - [WATCHER]: Subscribed to changes within: C:\test\monorepo (native)
[NX Daemon Server] - 2024-07-25T07:16:48.374Z - Established a connection. Number of open connections: 1
[NX Daemon Server] - 2024-07-25T07:16:48.375Z - Established a connection. Number of open connections: 2
[NX Daemon Server] - 2024-07-25T07:16:48.377Z - Closed a connection. Number of open connections: 1
[NX Daemon Server] - 2024-07-25T07:16:48.378Z - [REQUEST]: Client Request for Project Graph Received
[NX Daemon Server] - 2024-07-25T07:16:48.620Z - [REQUEST]: Updated workspace context based on watched changes, recomputing project graph...
[NX Daemon Server] - 2024-07-25T07:16:48.621Z - [REQUEST]: 
[NX Daemon Server] - 2024-07-25T07:16:48.621Z - [REQUEST]: 
[NX Daemon Server] - 2024-07-25T07:16:48.628Z - Time taken for 'loadNxPlugins' 240.7094ms
[NX Daemon Server] - 2024-07-25T07:16:48.946Z - Time taken for 'build-project-configs' 302.6814ms
[NX Daemon Server] - 2024-07-25T07:16:49.014Z - [REQUEST]: Responding to the client. project-graph
[NX Daemon Server] - 2024-07-25T07:16:49.014Z - Time taken for 'total for creating and serializing project graph' 635.611ms
[NX Daemon Server] - 2024-07-25T07:16:49.015Z - Done responding to the client project-graph
[NX Daemon Server] - 2024-07-25T07:16:49.015Z - Handled REQUEST_PROJECT_GRAPH. Handling time: 636. Response time: 1.
[NX Daemon Server] - 2024-07-25T07:16:49.036Z - [REQUEST]: Responding to the client. handleHashTasks
[NX Daemon Server] - 2024-07-25T07:16:49.037Z - Done responding to the client handleHashTasks
[NX Daemon Server] - 2024-07-25T07:16:49.037Z - Handled HASH_TASKS. Handling time: 8. Response time: 1.
[NX Daemon Server] - 2024-07-25T07:16:54.599Z - [WATCHER]: Processing file changes in outputs
[NX Daemon Server] - 2024-07-25T07:16:54.627Z - [REQUEST]: Responding to the client. recordOutputsHash
[NX Daemon Server] - 2024-07-25T07:16:54.628Z - Done responding to the client recordOutputsHash
[NX Daemon Server] - 2024-07-25T07:16:54.628Z - Handled RECORD_OUTPUTS_HASH. Handling time: 3. Response time: 1.
[NX Daemon Server] - 2024-07-25T07:16:54.635Z - [REQUEST]: Responding to the client. handleWriteTaskRunsToHistory
[NX Daemon Server] - 2024-07-25T07:16:54.635Z - Done responding to the client handleWriteTaskRunsToHistory
[NX Daemon Server] - 2024-07-25T07:16:54.635Z - Handled WRITE_TASK_RUNS_TO_HISTORY. Handling time: 2. Response time: 0.
[NX Daemon Server] - 2024-07-25T07:16:54.636Z - [REQUEST]: Responding to the client. handleGetTaskHistoryForHashes
[NX Daemon Server] - 2024-07-25T07:16:54.636Z - Done responding to the client handleGetTaskHistoryForHashes
[NX Daemon Server] - 2024-07-25T07:16:54.636Z - Handled GET_TASK_HISTORY_FOR_HASHES. Handling time: 0. Response time: 0.
[NX Daemon Server] - 2024-07-25T07:16:54.640Z - Closed a connection. Number of open connections: 0
[NX Daemon Server] - 2024-07-25T07:17:17.408Z - [WATCHER]: Processing file changes in outputs
[NX Daemon Server] - 2024-07-25T07:17:17.418Z - [WATCHER]: .gitignore was modified
[NX Daemon Server] - 2024-07-25T07:17:17.419Z - [WATCHER]: Stopping the watcher for C:\test\monorepo (sources)
[NX Daemon Server] - 2024-07-25T07:17:17.419Z - [WATCHER]: Stopping the watcher for C:\test\monorepo (outputs)
[NX Daemon Server] - 2024-07-25T07:17:17.419Z - Server stopped because: "Stopping the daemon the set of ignored files changed (native)"
